<?xml version="1.0" encoding="UTF-8"?>
<!-- Generated by org.testng.reporters.JUnitXMLReporter -->
<testsuite hostname="XE-TMAC-ANUBRATAG" ignored="0" name="Mashreeq Digital App Test Case" tests="4" failures="1" timestamp="29 May 2019 09:50:31 GMT" time="67.969" errors="0">
  <testcase name="verifyNavigationBar" time="0.125" classname="com.mashreeqdigital.qa.test.HomePageTest"/>
  <testcase name="validateNavigationValues" time="0.114" classname="com.mashreeqdigital.qa.test.HomePageTest"/>
  <testcase name="verifyNewsFeedLabel" time="0.028" classname="com.mashreeqdigital.qa.test.HomePageTest"/>
  <testcase name="clickContactUsLink" time="1.515" classname="com.mashreeqdigital.qa.test.HomePageTest">
    <failure type="java.lang.AssertionError" message="The following asserts failed:
	Succesfully Clicked on Submit Button expected [false] but found [true],
	Value propertly Displayed expected [false] but found [true],
	Loans in dropdown and simultaneously cvalue populate in sub product expected [false] but found [true],
	Mobile Number is verified expected [false] but found [true]">
      <![CDATA[java.lang.AssertionError: The following asserts failed:
	Succesfully Clicked on Submit Button expected [false] but found [true],
	Value propertly Displayed expected [false] but found [true],
	Loans in dropdown and simultaneously cvalue populate in sub product expected [false] but found [true],
	Mobile Number is verified expected [false] but found [true]
	at com.mashreeqdigital.qa.test.HomePageTest.clickContactUsLink(HomePageTest.java:145)
	at java.util.concurrent.ThreadPoolExecutor.runWorker(ThreadPoolExecutor.java:1142)
	at java.util.concurrent.ThreadPoolExecutor$Worker.run(ThreadPoolExecutor.java:617)
	at java.lang.Thread.run(Thread.java:745)
... Removed 11 stack frames]]>
    </failure>
  </testcase> <!-- clickContactUsLink -->
</testsuite> <!-- Mashreeq Digital App Test Case -->
