<?xml version="1.0" encoding="UTF-8"?>
<testng-results skipped="0" failed="1" ignored="0" total="4" passed="3">
  <reporter-output>
  </reporter-output>
  <suite name="Mashreeq Digital Application Test Automation Test Suite" duration-ms="67969" started-at="2019-05-29T09:49:23Z" finished-at="2019-05-29T09:50:31Z">
    <groups>
    </groups>
    <test name="Mashreeq Digital App Test Case" duration-ms="67969" started-at="2019-05-29T09:49:23Z" finished-at="2019-05-29T09:50:31Z">
      <class name="com.mashreeqdigital.qa.test.HomePageTest">
        <test-method status="PASS" signature="setUp()[pri:0, instance:com.mashreeqdigital.qa.test.HomePageTest@1a482e36]" name="setUp" is-config="true" duration-ms="14954" started-at="2019-05-29T13:49:23Z" finished-at="2019-05-29T13:49:38Z">
          <reporter-output>
          </reporter-output>
        </test-method> <!-- setUp -->
        <test-method status="PASS" signature="verifyNavigationBar()[pri:0, instance:com.mashreeqdigital.qa.test.HomePageTest@1a482e36]" name="verifyNavigationBar" duration-ms="125" started-at="2019-05-29T13:49:38Z" finished-at="2019-05-29T13:49:38Z">
          <reporter-output>
          </reporter-output>
        </test-method> <!-- verifyNavigationBar -->
        <test-method status="PASS" signature="tearDown(org.testng.ITestResult)[pri:0, instance:com.mashreeqdigital.qa.test.HomePageTest@1a482e36]" name="tearDown" is-config="true" duration-ms="413" started-at="2019-05-29T13:49:38Z" finished-at="2019-05-29T13:49:38Z">
          <params>
            <param index="0">
              <value>
                <![CDATA[[TestResult name=verifyNavigationBar status=SUCCESS method=HomePageTest.verifyNavigationBar()[pri:0, instance:com.mashreeqdigital.qa.test.HomePageTest@1a482e36] output={null}]]]>
              </value>
            </param>
          </params>
          <reporter-output>
          </reporter-output>
        </test-method> <!-- tearDown -->
        <test-method status="PASS" signature="setUp()[pri:0, instance:com.mashreeqdigital.qa.test.HomePageTest@1a482e36]" name="setUp" is-config="true" duration-ms="18976" started-at="2019-05-29T13:49:38Z" finished-at="2019-05-29T13:49:57Z">
          <reporter-output>
          </reporter-output>
        </test-method> <!-- setUp -->
        <test-method status="PASS" signature="validateNavigationValues()[pri:2, instance:com.mashreeqdigital.qa.test.HomePageTest@1a482e36]" name="validateNavigationValues" duration-ms="114" started-at="2019-05-29T13:49:57Z" finished-at="2019-05-29T13:49:57Z">
          <reporter-output>
          </reporter-output>
        </test-method> <!-- validateNavigationValues -->
        <test-method status="PASS" signature="tearDown(org.testng.ITestResult)[pri:0, instance:com.mashreeqdigital.qa.test.HomePageTest@1a482e36]" name="tearDown" is-config="true" duration-ms="136" started-at="2019-05-29T13:49:57Z" finished-at="2019-05-29T13:49:57Z">
          <params>
            <param index="0">
              <value>
                <![CDATA[[TestResult name=validateNavigationValues status=SUCCESS method=HomePageTest.validateNavigationValues()[pri:2, instance:com.mashreeqdigital.qa.test.HomePageTest@1a482e36] output={null}]]]>
              </value>
            </param>
          </params>
          <reporter-output>
          </reporter-output>
        </test-method> <!-- tearDown -->
        <test-method status="PASS" signature="setUp()[pri:0, instance:com.mashreeqdigital.qa.test.HomePageTest@1a482e36]" name="setUp" is-config="true" duration-ms="12156" started-at="2019-05-29T13:49:57Z" finished-at="2019-05-29T13:50:09Z">
          <reporter-output>
          </reporter-output>
        </test-method> <!-- setUp -->
        <test-method status="PASS" signature="verifyNewsFeedLabel()[pri:3, instance:com.mashreeqdigital.qa.test.HomePageTest@1a482e36]" name="verifyNewsFeedLabel" duration-ms="28" started-at="2019-05-29T13:50:09Z" finished-at="2019-05-29T13:50:09Z">
          <reporter-output>
          </reporter-output>
        </test-method> <!-- verifyNewsFeedLabel -->
        <test-method status="PASS" signature="tearDown(org.testng.ITestResult)[pri:0, instance:com.mashreeqdigital.qa.test.HomePageTest@1a482e36]" name="tearDown" is-config="true" duration-ms="152" started-at="2019-05-29T13:50:09Z" finished-at="2019-05-29T13:50:10Z">
          <params>
            <param index="0">
              <value>
                <![CDATA[[TestResult name=verifyNewsFeedLabel status=SUCCESS method=HomePageTest.verifyNewsFeedLabel()[pri:3, instance:com.mashreeqdigital.qa.test.HomePageTest@1a482e36] output={null}]]]>
              </value>
            </param>
          </params>
          <reporter-output>
          </reporter-output>
        </test-method> <!-- tearDown -->
        <test-method status="PASS" signature="setUp()[pri:0, instance:com.mashreeqdigital.qa.test.HomePageTest@1a482e36]" name="setUp" is-config="true" duration-ms="18976" started-at="2019-05-29T13:50:10Z" finished-at="2019-05-29T13:50:29Z">
          <reporter-output>
          </reporter-output>
        </test-method> <!-- setUp -->
        <test-method status="FAIL" signature="clickContactUsLink()[pri:4, instance:com.mashreeqdigital.qa.test.HomePageTest@1a482e36]" name="clickContactUsLink" duration-ms="1515" started-at="2019-05-29T13:50:29Z" finished-at="2019-05-29T13:50:30Z">
          <exception class="java.lang.AssertionError">
            <message>
              <![CDATA[The following asserts failed:
	Succesfully Clicked on Submit Button expected [false] but found [true],
	Value propertly Displayed expected [false] but found [true],
	Loans in dropdown and simultaneously cvalue populate in sub product expected [false] but found [true],
	Mobile Number is verified expected [false] but found [true]]]>
            </message>
            <full-stacktrace>
              <![CDATA[java.lang.AssertionError: The following asserts failed:
	Succesfully Clicked on Submit Button expected [false] but found [true],
	Value propertly Displayed expected [false] but found [true],
	Loans in dropdown and simultaneously cvalue populate in sub product expected [false] but found [true],
	Mobile Number is verified expected [false] but found [true]
	at org.testng.asserts.SoftAssert.assertAll(SoftAssert.java:43)
	at com.mashreeqdigital.qa.test.HomePageTest.clickContactUsLink(HomePageTest.java:145)
	at sun.reflect.NativeMethodAccessorImpl.invoke0(Native Method)
	at sun.reflect.NativeMethodAccessorImpl.invoke(NativeMethodAccessorImpl.java:62)
	at sun.reflect.DelegatingMethodAccessorImpl.invoke(DelegatingMethodAccessorImpl.java:43)
	at java.lang.reflect.Method.invoke(Method.java:498)
	at org.testng.internal.MethodInvocationHelper.invokeMethod(MethodInvocationHelper.java:108)
	at org.testng.internal.Invoker.invokeMethod(Invoker.java:661)
	at org.testng.internal.Invoker.invokeTestMethod(Invoker.java:869)
	at org.testng.internal.Invoker.invokeTestMethods(Invoker.java:1193)
	at org.testng.internal.TestMethodWorker.invokeTestMethods(TestMethodWorker.java:126)
	at org.testng.internal.TestMethodWorker.run(TestMethodWorker.java:109)
	at java.util.concurrent.ThreadPoolExecutor.runWorker(ThreadPoolExecutor.java:1142)
	at java.util.concurrent.ThreadPoolExecutor$Worker.run(ThreadPoolExecutor.java:617)
	at java.lang.Thread.run(Thread.java:745)
]]>
            </full-stacktrace>
          </exception> <!-- java.lang.AssertionError -->
          <reporter-output>
          </reporter-output>
        </test-method> <!-- clickContactUsLink -->
        <test-method status="PASS" signature="tearDown(org.testng.ITestResult)[pri:0, instance:com.mashreeqdigital.qa.test.HomePageTest@1a482e36]" name="tearDown" is-config="true" duration-ms="398" started-at="2019-05-29T13:50:30Z" finished-at="2019-05-29T13:50:31Z">
          <params>
            <param index="0">
              <value>
                <![CDATA[[TestResult name=clickContactUsLink status=FAILURE method=HomePageTest.clickContactUsLink()[pri:4, instance:com.mashreeqdigital.qa.test.HomePageTest@1a482e36] output={null}]]]>
              </value>
            </param>
          </params>
          <reporter-output>
          </reporter-output>
        </test-method> <!-- tearDown -->
      </class> <!-- com.mashreeqdigital.qa.test.HomePageTest -->
    </test> <!-- Mashreeq Digital App Test Case -->
  </suite> <!-- Mashreeq Digital Application Test Automation Test Suite -->
</testng-results>
