<?xml version="1.0" encoding="UTF-8"?>
<!-- Generated by org.testng.reporters.JUnitReportReporter -->
<testsuite skipped="0" hostname="XE-TMAC-ANUBRATAG" name="com.mashreeqdigital.qa.test.HomePageTest" tests="4" failures="1" timestamp="29 May 2019 09:50:31 GMT" time="67.943" errors="0">
  <testcase name="verifyNavigationBar" time="19.237" classname="com.mashreeqdigital.qa.test.HomePageTest"/>
  <testcase name="validateNavigationValues" time="12.422" classname="com.mashreeqdigital.qa.test.HomePageTest"/>
  <testcase name="verifyNewsFeedLabel" time="19.402" classname="com.mashreeqdigital.qa.test.HomePageTest"/>
  <testcase name="clickContactUsLink" time="16.882" classname="com.mashreeqdigital.qa.test.HomePageTest">
    <failure type="java.lang.AssertionError" message="The following asserts failed:
	Succesfully Clicked on Submit Button expected [false] but found [true],
	Value propertly Displayed expected [false] but found [true],
	Loans in dropdown and simultaneously cvalue populate in sub product expected [false] but found [true],
	Mobile Number is verified expected [false] but found [true]">
      <![CDATA[java.lang.AssertionError: The following asserts failed:
	Succesfully Clicked on Submit Button expected [false] but found [true],
	Value propertly Displayed expected [false] but found [true],
	Loans in dropdown and simultaneously cvalue populate in sub product expected [false] but found [true],
	Mobile Number is verified expected [false] but found [true]
	at org.testng.asserts.SoftAssert.assertAll(SoftAssert.java:43)
	at com.mashreeqdigital.qa.test.HomePageTest.clickContactUsLink(HomePageTest.java:145)
	at sun.reflect.NativeMethodAccessorImpl.invoke0(Native Method)
	at sun.reflect.NativeMethodAccessorImpl.invoke(NativeMethodAccessorImpl.java:62)
	at sun.reflect.DelegatingMethodAccessorImpl.invoke(DelegatingMethodAccessorImpl.java:43)
	at java.lang.reflect.Method.invoke(Method.java:498)
	at org.testng.internal.MethodInvocationHelper.invokeMethod(MethodInvocationHelper.java:108)
	at org.testng.internal.Invoker.invokeMethod(Invoker.java:661)
	at org.testng.internal.Invoker.invokeTestMethod(Invoker.java:869)
	at org.testng.internal.Invoker.invokeTestMethods(Invoker.java:1193)
	at org.testng.internal.TestMethodWorker.invokeTestMethods(TestMethodWorker.java:126)
	at org.testng.internal.TestMethodWorker.run(TestMethodWorker.java:109)
	at java.util.concurrent.ThreadPoolExecutor.runWorker(ThreadPoolExecutor.java:1142)
	at java.util.concurrent.ThreadPoolExecutor$Worker.run(ThreadPoolExecutor.java:617)
	at java.lang.Thread.run(Thread.java:745)
]]>
    </failure>
  </testcase> <!-- clickContactUsLink -->
</testsuite> <!-- com.mashreeqdigital.qa.test.HomePageTest -->
